<?xml version="1.0" encoding="utf-8"?><testsuites name="pytest tests"><testsuite name="pytest" errors="0" failures="0" skipped="0" tests="18" time="4.549" timestamp="2026-06-05T18:01:15.714772+00:00" hostname="agent-env-7e5eede8-5284-4eea-8cb6-8145dddda8ba"><testcase classname="backend.tests.backend_test.TestAuth" name="test_register_returns_user_and_sets_cookie" time="0.490" /><testcase classname="backend.tests.backend_test.TestAuth" name="test_register_duplicate_email" time="0.566" /><testcase classname="backend.tests.backend_test.TestAuth" name="test_login_success_and_me" time="0.483" /><testcase classname="backend.tests.backend_test.TestAuth" name="test_login_invalid_password" time="0.736" /><testcase classname="backend.tests.backend_test.TestAuth" name="test_me_unauthenticated" time="0.132" /><testcase classname="backend.tests.backend_test.TestAuth" name="test_logout" time="0.351" /><testcase classname="backend.tests.backend_test.TestDocuments" name="test_upload_pdf" time="0.316" /><testcase classname="backend.tests.backend_test.TestDocuments" name="test_list_documents" time="0.052" /><testcase classname="backend.tests.backend_test.TestDocuments" name="test_download_document" time="0.195" /><testcase classname="backend.tests.backend_test.TestDocuments" name="test_upload_unsupported_extension" time="0.056" /><testcase classname="backend.tests.backend_test.TestDocuments" name="test_unauthenticated_upload" time="0.109" /><testcase classname="backend.tests.backend_test.TestAdmin" name="test_stats" time="0.453" /><testcase classname="backend.tests.backend_test.TestAdmin" name="test_list_users" time="0.066" /><testcase classname="backend.tests.backend_test.TestAdmin" name="test_list_all_documents_admin" time="0.051" /><testcase classname="backend.tests.backend_test.TestAdmin" name="test_update_doc_status" time="0.106" /><testcase classname="backend.tests.backend_test.TestAdmin" name="test_non_admin_blocked_from_admin" time="0.066" /><testcase classname="backend.tests.backend_test.TestDocumentDelete" name="test_delete_document" time="0.113" /><testcase classname="backend.tests.backend_test.TestContact" name="test_submit_contact" time="0.126" /></testsuite></testsuites>